<?xml version="1.0" encoding="UTF-8"?>
<testng-results skipped="0" failed="0" ignored="0" total="3" passed="3">
  <reporter-output>
  </reporter-output>
  <suite name="Default suite" duration-ms="57702" started-at="2020-06-25T12:10:29Z" finished-at="2020-06-25T12:11:26Z">
    <groups>
    </groups>
    <test name="Default test" duration-ms="57702" started-at="2020-06-25T12:10:29Z" finished-at="2020-06-25T12:11:26Z">
      <class name="naukriuploadresume.naukri">
        <test-method status="PASS" signature="setBaseUrl()[pri:0, instance:naukriuploadresume.naukri@548a9f61]" name="setBaseUrl" is-config="true" duration-ms="7360" started-at="2020-06-25T12:10:29Z" finished-at="2020-06-25T12:10:36Z">
          <reporter-output>
          </reporter-output>
        </test-method> <!-- setBaseUrl -->
        <test-method status="PASS" signature="login()[pri:1, instance:naukriuploadresume.naukri@548a9f61]" name="login" duration-ms="14521" started-at="2020-06-25T12:10:36Z" finished-at="2020-06-25T12:10:51Z">
          <reporter-output>
          </reporter-output>
        </test-method> <!-- login -->
        <test-method status="PASS" signature="moveprofilrpage()[pri:2, instance:naukriuploadresume.naukri@548a9f61]" name="moveprofilrpage" duration-ms="10278" started-at="2020-06-25T12:10:51Z" finished-at="2020-06-25T12:11:01Z">
          <reporter-output>
          </reporter-output>
        </test-method> <!-- moveprofilrpage -->
        <test-method status="PASS" signature="uploadresume()[pri:3, instance:naukriuploadresume.naukri@548a9f61]" name="uploadresume" duration-ms="108" started-at="2020-06-25T12:11:01Z" finished-at="2020-06-25T12:11:01Z">
          <reporter-output>
          </reporter-output>
        </test-method> <!-- uploadresume -->
        <test-method status="PASS" signature="close()[pri:0, instance:naukriuploadresume.naukri@548a9f61]" name="close" is-config="true" duration-ms="25409" started-at="2020-06-25T12:11:01Z" finished-at="2020-06-25T12:11:26Z">
          <reporter-output>
          </reporter-output>
        </test-method> <!-- close -->
      </class> <!-- naukriuploadresume.naukri -->
    </test> <!-- Default test -->
  </suite> <!-- Default suite -->
</testng-results>
