<?xml version="1.0" encoding="UTF-8"?>
<!-- Generated by org.testng.reporters.JUnitXMLReporter -->
<testsuite hostname="LAPTOP-D4D1U2F3" ignored="0" name="Default test" tests="3" failures="0" timestamp="25 Jun 2020 12:11:26 GMT" time="57.702" errors="0">
  <testcase name="login" time="14.521" classname="naukriuploadresume.naukri"/>
  <testcase name="moveprofilrpage" time="10.278" classname="naukriuploadresume.naukri"/>
  <testcase name="uploadresume" time="0.108" classname="naukriuploadresume.naukri"/>
</testsuite> <!-- Default test -->
